#Data tag : 23v1 , Norm tag: composite
+-------------+-------------------+------+------+----------------+---------------+
| run:fill    | time              | nls  | ncms | delivered(/pb) | recorded(/pb) |
+-------------+-------------------+------+------+----------------+---------------+
| 369927:9016 | 07/01/23 12:26:50 | 340  | 340  | 3.232428066    | 3.184844378   |
| 369943:9017 | 07/01/23 19:31:57 | 384  | 384  | 29.589301917   | 28.931864108  |
| 369956:9019 | 07/02/23 03:24:03 | 1040 | 1040 | 87.948774202   | 85.792677583  |
| 369978:9022 | 07/02/23 16:21:51 | 782  | 782  | 170.577045309  | 164.211090905 |
| 369998:9023 | 07/03/23 00:31:01 | 179  | 179  | 59.041263899   | 54.522992309  |
| 369999:9023 | 07/03/23 01:42:38 | 41   | 41   | 16.047742118   | 14.570408350  |
| 370093:9029 | 07/03/23 23:52:21 | 450  | 450  | 157.630338362  | 150.552240279 |
| 370097:9029 | 07/04/23 05:14:28 | 356  | 356  | 134.912130277  | 127.556893843 |
| 370102:9029 | 07/04/23 07:48:17 | 762  | 762  | 210.324068443  | 202.825271390 |
| 370129:9031 | 07/04/23 16:57:20 | 510  | 510  | 211.939691774  | 202.816517469 |
| 370144:9031 | 07/04/23 21:36:05 | 1328 | 1328 | 401.076446311  | 386.675762061 |
| 370169:9035 | 07/05/23 11:04:40 | 1330 | 1330 | 533.180311478  | 498.241186511 |
| 370172:9035 | 07/05/23 21:07:28 | 300  | 300  | 79.394653342   | 74.826141138  |
| 370175:9036 | 07/06/23 01:38:22 | 1693 | 1693 | 705.914411570  | 672.573167243 |
| 370293:9043 | 07/07/23 11:09:51 | 1580 | 1580 | 675.042629071  | 642.732227386 |
| 370294:9043 | 07/07/23 21:26:42 | 668  | 668  | 180.485550607  | 173.942472688 |
| 370300:9044 | 07/08/23 04:08:22 | 962  | 962  | 438.643686981  | 417.299098075 |
| 370304:9044 | 07/08/23 10:50:38 | 327  | 327  | 124.693791904  | 118.736040473 |
| 370307:9044 | 07/08/23 13:04:05 | 708  | 708  | 208.199699319  | 200.916146889 |
| 370321:9045 | 07/08/23 19:41:08 | 14   | 14   | 1.836053824    | 1.663548922   |
| 370332:9045 | 07/08/23 20:20:38 | 1966 | 1966 | 740.674918108  | 704.978281636 |
| 370340:9046 | 07/09/23 10:57:13 | 756  | 756  | 346.933134124  | 328.453629339 |
| 370354:9049 | 07/09/23 19:08:47 | 278  | 278  | 116.066379826  | 111.495807723 |
| 370357:9049 | 07/09/23 22:29:47 | 801  | 801  | 330.895166135  | 317.644586674 |
| 370406:9050 | 07/10/23 12:29:29 | 825  | 825  | 365.973524577  | 348.204345613 |
| 370436:9050 | 07/10/23 17:55:30 | 31   | 31   | 11.172829479   | 10.365607051  |
| 370460:9055 | 07/11/23 03:20:19 | 116  | 116  | 33.826538529   | 32.508535864  |
| 370472:9056 | 07/11/23 07:22:18 | 42   | 42   | 9.650326299    | 9.516477075   |
| 370497:9057 | 07/11/23 09:38:34 | 1429 | 1429 | 596.117816453  | 567.733138699 |
| 370522:9059 | 07/11/23 23:55:53 | 322  | 322  | 137.536073013  | 131.074407610 |
| 370560:9062 | 07/12/23 12:37:34 | 348  | 348  | 150.242402482  | 143.756048805 |
| 370579:9063 | 07/12/23 17:39:39 | 85   | 85   | 25.173468092   | 24.120066117  |
| 370580:9063 | 07/12/23 18:17:16 | 2875 | 2875 | 946.580185602  | 901.266289468 |
+-------------+-------------------+------+------+----------------+---------------+
#Summary: 
+-------+------+-------+-------+-------------------+------------------+
| nfill | nrun | nls   | ncms  | totdelivered(/pb) | totrecorded(/pb) |
+-------+------+-------+-------+-------------------+------------------+
| 21    | 33   | 23628 | 23628 | 8240.552781490    | 7853.687813676   |
+-------+------+-------+-------+-------------------+------------------+
#Check JSON:
#(run,ls) in json but not in results: []
